<?xml version="1.0" encoding="UTF-8"?>
<testng-results ignored="0" total="0" passed="0" failed="0" skipped="0">
  <reporter-output>
  </reporter-output>
  <suite started-at="2025-04-03T12:13:08 IST" name="Suite" finished-at="2025-04-03T12:13:09 IST" duration-ms="474">
    <groups>
      <group name="cucumber">
        <method signature="AbstractTestNGCucumberTests.runScenario(io.cucumber.testng.PickleWrapper,io.cucumber.testng.FeatureWrapper)[pri:0, instance:runnerfile.datatablerunner@50caa560]" name="runScenario" class="io.cucumber.testng.AbstractTestNGCucumberTests"/>
      </group> <!-- cucumber -->
    </groups>
    <test started-at="2025-04-03T12:13:08 IST" name="Test" finished-at="2025-04-03T12:13:09 IST" duration-ms="474">
      <class name="runnerfile.datatablerunner">
        <test-method is-config="true" signature="setUpClass(org.testng.ITestContext)[pri:0, instance:runnerfile.datatablerunner@50caa560]" started-at="2025-04-03T12:13:08 IST" name="setUpClass" finished-at="2025-04-03T12:13:09 IST" duration-ms="392" status="PASS">
          <params>
            <param index="0">
              <value>
                <![CDATA[org.testng.TestRunner@1a72a540]]>
              </value>
            </param>
          </params>
          <reporter-output>
          </reporter-output>
        </test-method> <!-- setUpClass -->
        <test-method is-config="true" signature="tearDownClass()[pri:0, instance:runnerfile.datatablerunner@50caa560]" started-at="2025-04-03T12:13:09 IST" name="tearDownClass" finished-at="2025-04-03T12:13:09 IST" duration-ms="8" status="PASS">
          <reporter-output>
          </reporter-output>
        </test-method> <!-- tearDownClass -->
      </class> <!-- runnerfile.datatablerunner -->
    </test> <!-- Test -->
  </suite> <!-- Suite -->
</testng-results>
