<?xml version="1.0" encoding="UTF-8"?>
<testng-results ignored="0" total="1" passed="1" failed="0" skipped="0">
  <reporter-output>
  </reporter-output>
  <suite started-at="2025-04-03T12:38:28 IST" name="Suite" finished-at="2025-04-03T12:38:46 IST" duration-ms="17345">
    <groups>
      <group name="cucumber">
        <method signature="AbstractTestNGCucumberTests.runScenario(io.cucumber.testng.PickleWrapper,io.cucumber.testng.FeatureWrapper)[pri:0, instance:runnerfile.datatablerunner@1018bde2]" name="runScenario" class="io.cucumber.testng.AbstractTestNGCucumberTests"/>
      </group> <!-- cucumber -->
    </groups>
    <test started-at="2025-04-03T12:38:28 IST" name="Test" finished-at="2025-04-03T12:38:46 IST" duration-ms="17345">
      <class name="runnerfile.datatablerunner">
        <test-method is-config="true" signature="setUpClass(org.testng.ITestContext)[pri:0, instance:runnerfile.datatablerunner@1018bde2]" started-at="2025-04-03T12:38:28 IST" name="setUpClass" finished-at="2025-04-03T12:38:30 IST" duration-ms="1198" status="PASS">
          <params>
            <param index="0">
              <value>
                <![CDATA[org.testng.TestRunner@338cc75f]]>
              </value>
            </param>
          </params>
          <reporter-output>
          </reporter-output>
        </test-method> <!-- setUpClass -->
        <test-method signature="runScenario(io.cucumber.testng.PickleWrapper,io.cucumber.testng.FeatureWrapper)[pri:0, instance:runnerfile.datatablerunner@1018bde2]" started-at="2025-04-03T12:38:30 IST" name="runScenario" description="Runs Cucumber Scenarios" data-provider="scenarios" finished-at="2025-04-03T12:38:46 IST" duration-ms="15849" status="PASS">
          <params>
            <param index="0">
              <value>
                <![CDATA["Orange HRM"]]>
              </value>
            </param>
            <param index="1">
              <value>
                <![CDATA["Data Table"]]>
              </value>
            </param>
          </params>
          <reporter-output>
          </reporter-output>
        </test-method> <!-- runScenario -->
        <test-method is-config="true" signature="tearDownClass()[pri:0, instance:runnerfile.datatablerunner@1018bde2]" started-at="2025-04-03T12:38:46 IST" name="tearDownClass" finished-at="2025-04-03T12:38:46 IST" duration-ms="165" status="PASS">
          <reporter-output>
          </reporter-output>
        </test-method> <!-- tearDownClass -->
      </class> <!-- runnerfile.datatablerunner -->
    </test> <!-- Test -->
  </suite> <!-- Suite -->
</testng-results>
