<?xml version="1.0" encoding="UTF-8"?>
<testng-results ignored="0" total="5" passed="5" failed="0" skipped="0">
  <reporter-output>
  </reporter-output>
  <suite started-at="2025-04-02T11:12:21 IST" name="Default suite" finished-at="2025-04-02T11:13:30 IST" duration-ms="69127">
    <groups>
      <group name="cucumber">
        <method signature="AbstractTestNGCucumberTests.runScenario(io.cucumber.testng.PickleWrapper,io.cucumber.testng.FeatureWrapper)[pri:0, instance:runnerfile.saucedemorunnertestng@2b4bac49]" name="runScenario" class="io.cucumber.testng.AbstractTestNGCucumberTests"/>
      </group> <!-- cucumber -->
    </groups>
    <test started-at="2025-04-02T11:12:21 IST" name="Default test" finished-at="2025-04-02T11:13:30 IST" duration-ms="69127">
      <class name="runnerfile.saucedemorunnertestng">
        <test-method is-config="true" signature="setUpClass(org.testng.ITestContext)[pri:0, instance:runnerfile.saucedemorunnertestng@2b4bac49]" started-at="2025-04-02T11:12:21 IST" name="setUpClass" finished-at="2025-04-02T11:12:21 IST" duration-ms="506" status="PASS">
          <params>
            <param index="0">
              <value>
                <![CDATA[org.testng.TestRunner@66213a0d]]>
              </value>
            </param>
          </params>
          <reporter-output>
          </reporter-output>
        </test-method> <!-- setUpClass -->
        <test-method signature="runScenario(io.cucumber.testng.PickleWrapper,io.cucumber.testng.FeatureWrapper)[pri:0, instance:runnerfile.saucedemorunnertestng@2b4bac49]" started-at="2025-04-02T11:12:21 IST" name="runScenario" description="Runs Cucumber Scenarios" data-provider="scenarios" finished-at="2025-04-02T11:12:44 IST" duration-ms="22448" status="PASS">
          <params>
            <param index="0">
              <value>
                <![CDATA["As a user i want to log in to my sausedemo"]]>
              </value>
            </param>
            <param index="1">
              <value>
                <![CDATA["Sause Demo Login"]]>
              </value>
            </param>
          </params>
          <reporter-output>
          </reporter-output>
        </test-method> <!-- runScenario -->
        <test-method signature="runScenario(io.cucumber.testng.PickleWrapper,io.cucumber.testng.FeatureWrapper)[pri:0, instance:runnerfile.saucedemorunnertestng@2b4bac49]" started-at="2025-04-02T11:12:44 IST" name="runScenario" description="Runs Cucumber Scenarios" data-provider="scenarios" finished-at="2025-04-02T11:12:56 IST" duration-ms="12231" status="PASS">
          <params>
            <param index="0">
              <value>
                <![CDATA["As a user i want to log in to my sausedemo with invalid credentials"]]>
              </value>
            </param>
            <param index="1">
              <value>
                <![CDATA["Sause Demo Login"]]>
              </value>
            </param>
          </params>
          <reporter-output>
          </reporter-output>
        </test-method> <!-- runScenario -->
        <test-method signature="runScenario(io.cucumber.testng.PickleWrapper,io.cucumber.testng.FeatureWrapper)[pri:0, instance:runnerfile.saucedemorunnertestng@2b4bac49]" started-at="2025-04-02T11:12:56 IST" name="runScenario" description="Runs Cucumber Scenarios" data-provider="scenarios" finished-at="2025-04-02T11:13:08 IST" duration-ms="11852" status="PASS">
          <params>
            <param index="0">
              <value>
                <![CDATA["As a user i want to log in to my sausedemo with invalid credentials"]]>
              </value>
            </param>
            <param index="1">
              <value>
                <![CDATA["Sause Demo Login"]]>
              </value>
            </param>
          </params>
          <reporter-output>
          </reporter-output>
        </test-method> <!-- runScenario -->
        <test-method signature="runScenario(io.cucumber.testng.PickleWrapper,io.cucumber.testng.FeatureWrapper)[pri:0, instance:runnerfile.saucedemorunnertestng@2b4bac49]" started-at="2025-04-02T11:13:08 IST" name="runScenario" description="Runs Cucumber Scenarios" data-provider="scenarios" finished-at="2025-04-02T11:13:18 IST" duration-ms="10408" status="PASS">
          <params>
            <param index="0">
              <value>
                <![CDATA["As a user i want to log in to my sausedemo with Blank credentials"]]>
              </value>
            </param>
            <param index="1">
              <value>
                <![CDATA["Sause Demo Login"]]>
              </value>
            </param>
          </params>
          <reporter-output>
          </reporter-output>
        </test-method> <!-- runScenario -->
        <test-method signature="runScenario(io.cucumber.testng.PickleWrapper,io.cucumber.testng.FeatureWrapper)[pri:0, instance:runnerfile.saucedemorunnertestng@2b4bac49]" started-at="2025-04-02T11:13:18 IST" name="runScenario" description="Runs Cucumber Scenarios" data-provider="scenarios" finished-at="2025-04-02T11:13:29 IST" duration-ms="10946" status="PASS">
          <params>
            <param index="0">
              <value>
                <![CDATA["As a user i want to log in to my sausedemo with Blank credentials"]]>
              </value>
            </param>
            <param index="1">
              <value>
                <![CDATA["Sause Demo Login"]]>
              </value>
            </param>
          </params>
          <reporter-output>
          </reporter-output>
        </test-method> <!-- runScenario -->
        <test-method is-config="true" signature="tearDownClass()[pri:0, instance:runnerfile.saucedemorunnertestng@2b4bac49]" started-at="2025-04-02T11:13:29 IST" name="tearDownClass" finished-at="2025-04-02T11:13:30 IST" duration-ms="623" status="PASS">
          <reporter-output>
          </reporter-output>
        </test-method> <!-- tearDownClass -->
      </class> <!-- runnerfile.saucedemorunnertestng -->
    </test> <!-- Default test -->
  </suite> <!-- Default suite -->
</testng-results>
